Using pre-set license
Built from '2020.2/release' branch; Version is '2020.2.0f1 (3721df5a8b28) revision 3613151'; Using compiler version '192528614'; Build Type 'Release'
OS: 'Windows 10  (10.0.0) 64bit' Language: 'fr' Physical Memory: 16334 MB
BatchMode: 1, IsHumanControllingUs: 0, StartBugReporterOnCrash: 0, Is64bit: 1, IsPro: 0

 COMMAND LINE ARGUMENTS:
C:\Program Files\Unity\Hub\Editor\2020.2.0f1\Editor\Unity.exe
-adb2
-batchMode
-noUpm
-name
AssetImportWorker0
-projectPath
C:/Users/alexl/OneDrive/Documents/Unity Projects/2DMobileGame/MobileGame
-logFile
Logs/AssetImportWorker0.log
-srvPort
63304
Successfully changed project path to: C:/Users/alexl/OneDrive/Documents/Unity Projects/2DMobileGame/MobileGame
C:/Users/alexl/OneDrive/Documents/Unity Projects/2DMobileGame/MobileGame
Using Asset Import Pipeline V2.
Refreshing native plugins compatible for Editor in 68.71 ms, found 1 plugins.
Preloading 0 native plugins for Editor in 0.00 ms.
Initialize engine version: 2020.2.0f1 (3721df5a8b28)
[Subsystems] Discovering subsystems at path C:/Program Files/Unity/Hub/Editor/2020.2.0f1/Editor/Data/Resources/UnitySubsystems
[Subsystems] Discovering subsystems at path C:/Users/alexl/OneDrive/Documents/Unity Projects/2DMobileGame/MobileGame/Assets
GfxDevice: creating device client; threaded=0
Direct3D:
    Version:  Direct3D 11.0 [level 11.1]
    Renderer: NVIDIA GeForce GTX 1660 (ID=0x2184)
    Vendor:   
    VRAM:     5991 MB
    Driver:   27.21.14.6089
Initialize mono
Mono path[0] = 'C:/Program Files/Unity/Hub/Editor/2020.2.0f1/Editor/Data/Managed'
Mono path[1] = 'C:/Program Files/Unity/Hub/Editor/2020.2.0f1/Editor/Data/MonoBleedingEdge/lib/mono/unityjit'
Mono config path = 'C:/Program Files/Unity/Hub/Editor/2020.2.0f1/Editor/Data/MonoBleedingEdge/etc'
Using monoOptions --debugger-agent=transport=dt_socket,embedding=1,server=y,suspend=n,address=127.0.0.1:56192
Begin MonoManager ReloadAssembly
Registering precompiled unity dll's ...
Register platform support module: C:/Program Files/Unity/Hub/Editor/2020.2.0f1/Editor/Data/PlaybackEngines/WindowsStandaloneSupport/UnityEditor.WindowsStandalone.Extensions.dll
Registered in 0.002544 seconds.
Native extension for WindowsStandalone target not found
Refreshing native plugins compatible for Editor in 61.51 ms, found 1 plugins.
Preloading 0 native plugins for Editor in 0.00 ms.
Invoked RoslynAnalysisRunner static constructor.
RoslynAnalysisRunner will not be running.
RoslynAnalysisRunner has terminated.
Mono: successfully reloaded assembly
- Completed reload, in  3.039 seconds
Platform modules already initialized, skipping
Registering precompiled user dll's ...
Registered in 0.002232 seconds.
Begin MonoManager ReloadAssembly
Error: Could not load signature of Unity.Android.Logcat.AndroidLogcat:.ctor due to: Could not load file or assembly 'UnityEditor.Android.Extensions, Version=1.0.0.0, Culture=neutral, PublicKeyToken=null' or one of its dependencies. assembly:UnityEditor.Android.Extensions, Version=1.0.0.0, Culture=neutral, PublicKeyToken=null type:<unknown type> member:(null) signature:<none>
0x00007ff7ca5b8c8c (Unity) StackWalker::GetCurrentCallstack
0x00007ff7ca5c1069 (Unity) StackWalker::ShowCallstack
0x00007ff7cba9564c (Unity) GetStacktrace
0x00007ff7ccb53a93 (Unity) DebugStringToFile
0x00007ff7ca3df87b (Unity) ScanForAttributesAndInterfaceImplementations
0x00007ff7ca3f2fba (Unity) MonoManager::EndReloadAssembly
0x00007ff7ca3fa339 (Unity) MonoManager::ReloadAssembly
0x00007ff7cb7a43a1 (Unity) LoadDomainAndUserAssemblies
0x00007ff7cb7a484e (Unity) LoadUserAssemblies
0x00007ff7cb12d736 (Unity) Application::InitializeProject
0x00007ff7cbaa2be2 (Unity) WinMain
0x00007ff7cd8e8256 (Unity) __scrt_common_main_seh
0x00007ffc6f157034 (KERNEL32) BaseThreadInitThunk
0x00007ffc7003d0d1 (ntdll) RtlUserThreadStart

Unloading broken assembly Library/ScriptAssemblies/Unity.Mobile.AndroidLogcat.Editor.dll, this assembly can cause crashes in the runtime
0x00007ff7ca5b8c8c (Unity) StackWalker::GetCurrentCallstack
0x00007ff7ca5c1069 (Unity) StackWalker::ShowCallstack
0x00007ff7cba9564c (Unity) GetStacktrace
0x00007ff7ccb53a93 (Unity) DebugStringToFile
0x00007ff7ca3fbf10 (Unity) MonoManager::SetupLoadedEditorAssemblies
0x00007ff7ca3f330c (Unity) MonoManager::EndReloadAssembly
0x00007ff7ca3fa339 (Unity) MonoManager::ReloadAssembly
0x00007ff7cb7a43a1 (Unity) LoadDomainAndUserAssemblies
0x00007ff7cb7a484e (Unity) LoadUserAssemblies
0x00007ff7cb12d736 (Unity) Application::InitializeProject
0x00007ff7cbaa2be2 (Unity) WinMain
0x00007ff7cd8e8256 (Unity) __scrt_common_main_seh
0x00007ffc6f157034 (KERNEL32) BaseThreadInitThunk
0x00007ffc7003d0d1 (ntdll) RtlUserThreadStart

Native extension for WindowsStandalone target not found
Refreshing native plugins compatible for Editor in 61.69 ms, found 1 plugins.
Preloading 0 native plugins for Editor in 0.00 ms.
Invoked RoslynAnalysisRunner static constructor.
RoslynAnalysisRunner will not be running.
RoslynAnalysisRunner has terminated.
Mono: successfully reloaded assembly
- Completed reload, in  3.557 seconds
Platform modules already initialized, skipping
========================================================================
Worker process is ready to serve import requests
Launched and connected shader compiler UnityShaderCompiler.exe after 0.06 seconds
Refreshing native plugins compatible for Editor in 0.71 ms, found 1 plugins.
Preloading 0 native plugins for Editor in 0.00 ms.
Unloading 2621 Unused Serialized files (Serialized files now loaded: 0)
System memory in use before: 109.2 MB.
System memory in use after: 109.4 MB.

Unloading 33 unused Assets to reduce memory usage. Loaded Objects now: 3050.
Total: 2.932000 ms (FindLiveObjects: 0.341100 ms CreateObjectMapping: 0.081100 ms MarkObjects: 2.424400 ms  DeleteObjects: 0.083400 ms)

========================================================================
Received Import Request.
  path: Assets/Editor/com.unity.mobile.notifications
  artifactKey: Guid(8d94ea3741ad8d344a76cca0aa62f67e) Importer(815301076,1909f56bfc062723c751e8b465ee728b)
Start importing Assets/Editor/com.unity.mobile.notifications using Guid(8d94ea3741ad8d344a76cca0aa62f67e) Importer(815301076,1909f56bfc062723c751e8b465ee728b)  -> (artifact id: 'e0267f974a34f94fc5d3605a92f74887') in 0.021010 seconds
  Import took 0.025972 seconds .

AssetImportWorkerClient::OnTransportError - code=2 error=End of file
