Using pre-set license
Built from '2020.2/release' branch; Version is '2020.2.0f1 (3721df5a8b28) revision 3613151'; Using compiler version '192528614'; Build Type 'Release'
OS: 'Windows 10  (10.0.0) 64bit' Language: 'fr' Physical Memory: 16334 MB
BatchMode: 1, IsHumanControllingUs: 0, StartBugReporterOnCrash: 0, Is64bit: 1, IsPro: 0

 COMMAND LINE ARGUMENTS:
C:\Program Files\Unity\Hub\Editor\2020.2.0f1\Editor\Unity.exe
-adb2
-batchMode
-noUpm
-name
AssetImportWorker0
-projectPath
C:/Users/alexl/OneDrive/Documents/Unity Projects/2DMobileGame/MobileGame
-logFile
Logs/AssetImportWorker0.log
-srvPort
54024
Successfully changed project path to: C:/Users/alexl/OneDrive/Documents/Unity Projects/2DMobileGame/MobileGame
C:/Users/alexl/OneDrive/Documents/Unity Projects/2DMobileGame/MobileGame
Using Asset Import Pipeline V2.
Refreshing native plugins compatible for Editor in 67.10 ms, found 1 plugins.
Preloading 0 native plugins for Editor in 0.00 ms.
Initialize engine version: 2020.2.0f1 (3721df5a8b28)
[Subsystems] Discovering subsystems at path C:/Program Files/Unity/Hub/Editor/2020.2.0f1/Editor/Data/Resources/UnitySubsystems
[Subsystems] Discovering subsystems at path C:/Users/alexl/OneDrive/Documents/Unity Projects/2DMobileGame/MobileGame/Assets
GfxDevice: creating device client; threaded=0
Direct3D:
    Version:  Direct3D 11.0 [level 11.1]
    Renderer: NVIDIA GeForce GTX 1660 (ID=0x2184)
    Vendor:   
    VRAM:     5991 MB
    Driver:   27.21.14.6089
Initialize mono
Mono path[0] = 'C:/Program Files/Unity/Hub/Editor/2020.2.0f1/Editor/Data/Managed'
Mono path[1] = 'C:/Program Files/Unity/Hub/Editor/2020.2.0f1/Editor/Data/MonoBleedingEdge/lib/mono/unityjit'
Mono config path = 'C:/Program Files/Unity/Hub/Editor/2020.2.0f1/Editor/Data/MonoBleedingEdge/etc'
Using monoOptions --debugger-agent=transport=dt_socket,embedding=1,server=y,suspend=n,address=127.0.0.1:56068
Begin MonoManager ReloadAssembly
Registering precompiled unity dll's ...
Register platform support module: C:/Program Files/Unity/Hub/Editor/2020.2.0f1/Editor/Data/PlaybackEngines/WindowsStandaloneSupport/UnityEditor.WindowsStandalone.Extensions.dll
Registered in 0.002527 seconds.
Native extension for WindowsStandalone target not found
Refreshing native plugins compatible for Editor in 62.94 ms, found 1 plugins.
Preloading 0 native plugins for Editor in 0.00 ms.
Invoked RoslynAnalysisRunner static constructor.
RoslynAnalysisRunner will not be running.
RoslynAnalysisRunner has terminated.
Mono: successfully reloaded assembly
- Completed reload, in  2.961 seconds
Platform modules already initialized, skipping
Registering precompiled user dll's ...
Registered in 0.002153 seconds.
Begin MonoManager ReloadAssembly
Error: Could not load signature of Unity.Android.Logcat.AndroidLogcat:.ctor due to: Could not load file or assembly 'UnityEditor.Android.Extensions, Version=1.0.0.0, Culture=neutral, PublicKeyToken=null' or one of its dependencies. assembly:UnityEditor.Android.Extensions, Version=1.0.0.0, Culture=neutral, PublicKeyToken=null type:<unknown type> member:(null) signature:<none>
0x00007ff66dd88c8c (Unity) StackWalker::GetCurrentCallstack
0x00007ff66dd91069 (Unity) StackWalker::ShowCallstack
0x00007ff66f26564c (Unity) GetStacktrace
0x00007ff670323a93 (Unity) DebugStringToFile
0x00007ff66dbaf87b (Unity) ScanForAttributesAndInterfaceImplementations
0x00007ff66dbc2fba (Unity) MonoManager::EndReloadAssembly
0x00007ff66dbca339 (Unity) MonoManager::ReloadAssembly
0x00007ff66ef743a1 (Unity) LoadDomainAndUserAssemblies
0x00007ff66ef7484e (Unity) LoadUserAssemblies
0x00007ff66e8fd736 (Unity) Application::InitializeProject
0x00007ff66f272be2 (Unity) WinMain
0x00007ff6710b8256 (Unity) __scrt_common_main_seh
0x00007ffc6f157034 (KERNEL32) BaseThreadInitThunk
0x00007ffc7003d0d1 (ntdll) RtlUserThreadStart

Unloading broken assembly Library/ScriptAssemblies/Unity.Mobile.AndroidLogcat.Editor.dll, this assembly can cause crashes in the runtime
0x00007ff66dd88c8c (Unity) StackWalker::GetCurrentCallstack
0x00007ff66dd91069 (Unity) StackWalker::ShowCallstack
0x00007ff66f26564c (Unity) GetStacktrace
0x00007ff670323a93 (Unity) DebugStringToFile
0x00007ff66dbcbf10 (Unity) MonoManager::SetupLoadedEditorAssemblies
0x00007ff66dbc330c (Unity) MonoManager::EndReloadAssembly
0x00007ff66dbca339 (Unity) MonoManager::ReloadAssembly
0x00007ff66ef743a1 (Unity) LoadDomainAndUserAssemblies
0x00007ff66ef7484e (Unity) LoadUserAssemblies
0x00007ff66e8fd736 (Unity) Application::InitializeProject
0x00007ff66f272be2 (Unity) WinMain
0x00007ff6710b8256 (Unity) __scrt_common_main_seh
0x00007ffc6f157034 (KERNEL32) BaseThreadInitThunk
0x00007ffc7003d0d1 (ntdll) RtlUserThreadStart

Native extension for WindowsStandalone target not found
Refreshing native plugins compatible for Editor in 61.90 ms, found 1 plugins.
Preloading 0 native plugins for Editor in 0.00 ms.
Invoked RoslynAnalysisRunner static constructor.
RoslynAnalysisRunner will not be running.
RoslynAnalysisRunner has terminated.
Mono: successfully reloaded assembly
- Completed reload, in  1.942 seconds
Platform modules already initialized, skipping
========================================================================
Worker process is ready to serve import requests
Launched and connected shader compiler UnityShaderCompiler.exe after 0.06 seconds
Refreshing native plugins compatible for Editor in 0.71 ms, found 1 plugins.
Preloading 0 native plugins for Editor in 0.00 ms.
Unloading 2617 Unused Serialized files (Serialized files now loaded: 0)
System memory in use before: 109.1 MB.
System memory in use after: 109.3 MB.

Unloading 33 unused Assets to reduce memory usage. Loaded Objects now: 3046.
Total: 3.054000 ms (FindLiveObjects: 0.447700 ms CreateObjectMapping: 0.138500 ms MarkObjects: 2.388000 ms  DeleteObjects: 0.078300 ms)

========================================================================
Received Import Request.
  path: Assets/Scripts
  artifactKey: Guid(4b1ca97836542e1488f879b38a8d7eac) Importer(815301076,1909f56bfc062723c751e8b465ee728b)
Start importing Assets/Scripts using Guid(4b1ca97836542e1488f879b38a8d7eac) Importer(815301076,1909f56bfc062723c751e8b465ee728b)  -> (artifact id: '14d82611dd9f1c7e18647d84874b72e8') in 0.014564 seconds
  Import took 0.019889 seconds .

AssetImportWorkerClient::OnTransportError - code=2 error=End of file
